#
# There is insufficient memory for the Java Runtime Environment to continue.
# Native memory allocation (malloc) failed to allocate 1372016 bytes for Chunk::new
# Possible reasons:
#   The system is out of physical RAM or swap space
#   In 32 bit mode, the process size limit was hit
# Possible solutions:
#   Reduce memory load on the system
#   Increase physical memory or swap space
#   Check if swap backing store is full
#   Use 64 bit Java on a 64 bit OS
#   Decrease Java heap size (-Xmx/-Xms)
#   Decrease number of Java threads
#   Decrease Java thread stack sizes (-Xss)
#   Set larger code cache with -XX:ReservedCodeCacheSize=
# This output file may be truncated or incomplete.
#
#  Out of Memory Error (allocation.cpp:390), pid=2320, tid=7340
#
# JRE version: Java(TM) SE Runtime Environment (8.0_91-b15) (build 1.8.0_91-b15)
# Java VM: Java HotSpot(TM) 64-Bit Server VM (25.91-b15 mixed mode windows-amd64 compressed oops)
# Failed to write core dump. Minidumps are not enabled by default on client versions of Windows
#

---------------  T H R E A D  ---------------

Current thread (0x0000000016545800):  JavaThread "C2 CompilerThread1" daemon [_thread_in_native, id=7340, stack(0x00000000168f0000,0x00000000169f0000)]

Stack: [0x00000000168f0000,0x00000000169f0000]
[error occurred during error reporting (printing stack bounds), id 0xc0000005]

Native frames: (J=compiled Java code, j=interpreted, Vv=VM code, C=native code)


Current CompileTask:
C2:  17020 2271   !   4       com.android.dx.cf.code.Ropper::processBlock (1101 bytes)


---------------  P R O C E S S  ---------------

Java Threads: ( => current thread )
  0x000000001677d000 JavaThread "pool-2-thread-4" [_thread_blocked, id=6916, stack(0x00000000170f0000,0x00000000171f0000)]
  0x000000001677c800 JavaThread "pool-2-thread-3" [_thread_blocked, id=8616, stack(0x0000000016ff0000,0x00000000170f0000)]
  0x00000000167e8800 JavaThread "pool-2-thread-2" [_thread_blocked, id=780, stack(0x0000000016ef0000,0x0000000016ff0000)]
  0x00000000167e7800 JavaThread "pool-3-thread-1" [_thread_blocked, id=9748, stack(0x0000000016df0000,0x0000000016ef0000)]
  0x00000000167fd000 JavaThread "pool-2-thread-1" [_thread_blocked, id=7444, stack(0x0000000016cf0000,0x0000000016df0000)]
  0x0000000016557800 JavaThread "Service Thread" daemon [_thread_blocked, id=10140, stack(0x0000000016af0000,0x0000000016bf0000)]
  0x0000000016548000 JavaThread "C1 CompilerThread2" daemon [_thread_blocked, id=7488, stack(0x00000000169f0000,0x0000000016af0000)]
=>0x0000000016545800 JavaThread "C2 CompilerThread1" daemon [_thread_in_native, id=7340, stack(0x00000000168f0000,0x00000000169f0000)]
  0x0000000014eea000 JavaThread "C2 CompilerThread0" daemon [_thread_in_native, id=2984, stack(0x00000000163f0000,0x00000000164f0000)]
  0x0000000014e9c000 JavaThread "Attach Listener" daemon [_thread_blocked, id=9888, stack(0x00000000162f0000,0x00000000163f0000)]
  0x0000000014ee9800 JavaThread "Signal Dispatcher" daemon [_thread_blocked, id=13324, stack(0x00000000161f0000,0x00000000162f0000)]
  0x0000000014e7a000 JavaThread "Finalizer" daemon [_thread_blocked, id=2684, stack(0x00000000160f0000,0x00000000161f0000)]
  0x00000000027af000 JavaThread "Reference Handler" daemon [_thread_blocked, id=2960, stack(0x0000000015ff0000,0x00000000160f0000)]
  0x00000000026c0800 JavaThread "main" [_thread_in_Java, id=4392, stack(0x00000000025c0000,0x00000000026c0000)]

Other Threads:
  0x0000000014e58000 VMThread [stack: 0x0000000015ef0000,0x0000000015ff0000] [id=13156]
  0x000000001656b800 WatcherThread [stack: 0x0000000016bf0000,0x0000000016cf0000] [id=9032]

VM state:not at safepoint (normal execution)

VM Mutex/Monitor currently owned by a thread:  ([mutex/lock_event])
[0x000000000227c060] SystemDictionary_lock - owner thread: 0x0000000000000000

Heap:
 PSYoungGen      total 146432K, used 40221K [0x00000000eab00000, 0x00000000fe000000, 0x0000000100000000)
  eden space 128512K, 23% used [0x00000000eab00000,0x00000000ec851dd8,0x00000000f2880000)
  from space 17920K, 56% used [0x00000000f2880000,0x00000000f3275778,0x00000000f3a00000)
  to   space 29696K, 0% used [0x00000000fc300000,0x00000000fc300000,0x00000000fe000000)
 ParOldGen       total 83456K, used 43567K [0x00000000c0000000, 0x00000000c5180000, 0x00000000eab00000)
  object space 83456K, 52% used [0x00000000c0000000,0x00000000c2a8bd10,0x00000000c5180000)
 Metaspace       used 6598K, capacity 7256K, committed 7424K, reserved 1056768K
  class space    used 628K, capacity 656K, committed 768K, reserved 1048576K

Card table byte_map: [0x0000000011b80000,0x0000000011d90000] byte_map_base: 0x0000000011580000

Marking Bits: (ParMarkBitMap*) 0x00000000611e2f70
 Begin Bits: [0x00000000122f0000, 0x00000000132f0000)
 End Bits:   [0x00000000132f0000, 0x00000000142f0000)

Polling page: 0x00000000021c0000

CodeCache: size=245760Kb used=12110Kb max_used=12112Kb free=233649Kb
 bounds [0x00000000027c0000, 0x00000000033b0000, 0x00000000117c0000]
 total_blobs=2537 nmethods=2265 adapters=184
 compilation: enabled

Compilation events (10 events):
Event: 16.864 Thread 0x0000000016548000 nmethod 2364 0x000000000333ee90 code [0x000000000333f000, 0x000000000333f228]
Event: 16.888 Thread 0x0000000014eea000 nmethod 2360% 0x00000000033945d0 code [0x0000000003394820, 0x0000000003395fd8]
Event: 16.888 Thread 0x0000000014eea000 2358       4       com.android.dx.ssa.LiteralOpUpgrader$1::visitNonMoveInsn (203 bytes)
Event: 16.902 Thread 0x0000000014eea000 nmethod 2358 0x0000000003392710 code [0x0000000003392a80, 0x00000000033935c0]
Event: 16.902 Thread 0x0000000014eea000 2367       4       com.android.dx.cf.code.BytecodeArray::processWorkSet (50 bytes)
Event: 16.907 Thread 0x0000000014eea000 nmethod 2367 0x000000000332c790 code [0x000000000332c8e0, 0x000000000332cb08]
Event: 16.907 Thread 0x0000000014eea000 2365       4       com.android.dx.ssa.back.FirstFitLocalCombiningAllocator::handleLocalAssociatedOther (151 bytes)
Event: 16.945 Thread 0x0000000014eea000 nmethod 2365 0x000000000339c090 code [0x000000000339c2a0, 0x000000000339d488]
Event: 16.945 Thread 0x0000000014eea000 2359       4       com.android.dx.rop.cst.TypedConstant::getBasicFrameType (8 bytes)
Event: 16.946 Thread 0x0000000014eea000 nmethod 2359 0x000000000333ebd0 code [0x000000000333ed20, 0x000000000333edd8]

GC Heap History (10 events):
Event: 6.386 GC heap before
{Heap before GC invocations=4 (full 0):
 PSYoungGen      total 35328K, used 35321K [0x00000000eab00000, 0x00000000ef000000, 0x0000000100000000)
  eden space 32768K, 100% used [0x00000000eab00000,0x00000000ecb00000,0x00000000ecb00000)
  from space 2560K, 99% used [0x00000000ecb00000,0x00000000ecd7e638,0x00000000ecd80000)
  to   space 2560K, 0% used [0x00000000eed80000,0x00000000eed80000,0x00000000ef000000)
 ParOldGen       total 44032K, used 7411K [0x00000000c0000000, 0x00000000c2b00000, 0x00000000eab00000)
  object space 44032K, 16% used [0x00000000c0000000,0x00000000c073cec8,0x00000000c2b00000)
 Metaspace       used 6278K, capacity 7092K, committed 7296K, reserved 1056768K
  class space    used 607K, capacity 620K, committed 640K, reserved 1048576K
Event: 6.646 GC heap after
Heap after GC invocations=4 (full 0):
 PSYoungGen      total 68096K, used 2536K [0x00000000eab00000, 0x00000000ef000000, 0x0000000100000000)
  eden space 65536K, 0% used [0x00000000eab00000,0x00000000eab00000,0x00000000eeb00000)
  from space 2560K, 99% used [0x00000000eed80000,0x00000000eeffa2a8,0x00000000ef000000)
  to   space 2560K, 0% used [0x00000000eeb00000,0x00000000eeb00000,0x00000000eed80000)
 ParOldGen       total 44032K, used 13478K [0x00000000c0000000, 0x00000000c2b00000, 0x00000000eab00000)
  object space 44032K, 30% used [0x00000000c0000000,0x00000000c0d29a30,0x00000000c2b00000)
 Metaspace       used 6278K, capacity 7092K, committed 7296K, reserved 1056768K
  class space    used 607K, capacity 620K, committed 640K, reserved 1048576K
}
Event: 9.903 GC heap before
{Heap before GC invocations=5 (full 0):
 PSYoungGen      total 68096K, used 68072K [0x00000000eab00000, 0x00000000ef000000, 0x0000000100000000)
  eden space 65536K, 100% used [0x00000000eab00000,0x00000000eeb00000,0x00000000eeb00000)
  from space 2560K, 99% used [0x00000000eed80000,0x00000000eeffa2a8,0x00000000ef000000)
  to   space 2560K, 0% used [0x00000000eeb00000,0x00000000eeb00000,0x00000000eed80000)
 ParOldGen       total 44032K, used 13478K [0x00000000c0000000, 0x00000000c2b00000, 0x00000000eab00000)
  object space 44032K, 30% used [0x00000000c0000000,0x00000000c0d29a30,0x00000000c2b00000)
 Metaspace       used 6334K, capacity 7156K, committed 7296K, reserved 1056768K
  class space    used 607K, capacity 620K, committed 640K, reserved 1048576K
Event: 10.247 GC heap after
Heap after GC invocations=5 (full 0):
 PSYoungGen      total 68096K, used 2531K [0x00000000eab00000, 0x00000000f4900000, 0x0000000100000000)
  eden space 65536K, 0% used [0x00000000eab00000,0x00000000eab00000,0x00000000eeb00000)
  from space 2560K, 98% used [0x00000000eeb00000,0x00000000eed78c58,0x00000000eed80000)
  to   space 15360K, 0% used [0x00000000f3a00000,0x00000000f3a00000,0x00000000f4900000)
 ParOldGen       total 44032K, used 23352K [0x00000000c0000000, 0x00000000c2b00000, 0x00000000eab00000)
  object space 44032K, 53% used [0x00000000c0000000,0x00000000c16ce138,0x00000000c2b00000)
 Metaspace       used 6334K, capacity 7156K, committed 7296K, reserved 1056768K
  class space    used 607K, capacity 620K, committed 640K, reserved 1048576K
}
Event: 12.485 GC heap before
{Heap before GC invocations=6 (full 0):
 PSYoungGen      total 68096K, used 68067K [0x00000000eab00000, 0x00000000f4900000, 0x0000000100000000)
  eden space 65536K, 100% used [0x00000000eab00000,0x00000000eeb00000,0x00000000eeb00000)
  from space 2560K, 98% used [0x00000000eeb00000,0x00000000eed78c58,0x00000000eed80000)
  to   space 15360K, 0% used [0x00000000f3a00000,0x00000000f3a00000,0x00000000f4900000)
 ParOldGen       total 44032K, used 23352K [0x00000000c0000000, 0x00000000c2b00000, 0x00000000eab00000)
  object space 44032K, 53% used [0x00000000c0000000,0x00000000c16ce138,0x00000000c2b00000)
 Metaspace       used 6476K, capacity 7220K, committed 7296K, reserved 1056768K
  class space    used 607K, capacity 620K, committed 640K, reserved 1048576K
Event: 12.623 GC heap after
Heap after GC invocations=6 (full 0):
 PSYoungGen      total 143872K, used 13862K [0x00000000eab00000, 0x00000000f4e00000, 0x0000000100000000)
  eden space 128512K, 0% used [0x00000000eab00000,0x00000000eab00000,0x00000000f2880000)
  from space 15360K, 90% used [0x00000000f3a00000,0x00000000f47899d0,0x00000000f4900000)
  to   space 17920K, 0% used [0x00000000f2880000,0x00000000f2880000,0x00000000f3a00000)
 ParOldGen       total 44032K, used 23352K [0x00000000c0000000, 0x00000000c2b00000, 0x00000000eab00000)
  object space 44032K, 53% used [0x00000000c0000000,0x00000000c16ce138,0x00000000c2b00000)
 Metaspace       used 6476K, capacity 7220K, committed 7296K, reserved 1056768K
  class space    used 607K, capacity 620K, committed 640K, reserved 1048576K
}
Event: 15.199 GC heap before
{Heap before GC invocations=7 (full 0):
 PSYoungGen      total 143872K, used 142374K [0x00000000eab00000, 0x00000000f4e00000, 0x0000000100000000)
  eden space 128512K, 100% used [0x00000000eab00000,0x00000000f2880000,0x00000000f2880000)
  from space 15360K, 90% used [0x00000000f3a00000,0x00000000f47899d0,0x00000000f4900000)
  to   space 17920K, 0% used [0x00000000f2880000,0x00000000f2880000,0x00000000f3a00000)
 ParOldGen       total 44032K, used 23352K [0x00000000c0000000, 0x00000000c2b00000, 0x00000000eab00000)
  object space 44032K, 53% used [0x00000000c0000000,0x00000000c16ce138,0x00000000c2b00000)
 Metaspace       used 6597K, capacity 7256K, committed 7424K, reserved 1056768K
  class space    used 628K, capacity 656K, committed 768K, reserved 1048576K
Event: 15.528 GC heap after
Heap after GC invocations=7 (full 0):
 PSYoungGen      total 146432K, used 17898K [0x00000000eab00000, 0x00000000fe000000, 0x0000000100000000)
  eden space 128512K, 0% used [0x00000000eab00000,0x00000000eab00000,0x00000000f2880000)
  from space 17920K, 99% used [0x00000000f2880000,0x00000000f39fab50,0x00000000f3a00000)
  to   space 29696K, 0% used [0x00000000fc300000,0x00000000fc300000,0x00000000fe000000)
 ParOldGen       total 44032K, used 40099K [0x00000000c0000000, 0x00000000c2b00000, 0x00000000eab00000)
  object space 44032K, 91% used [0x00000000c0000000,0x00000000c2728fc0,0x00000000c2b00000)
 Metaspace       used 6597K, capacity 7256K, committed 7424K, reserved 1056768K
  class space    used 628K, capacity 656K, committed 768K, reserved 1048576K
}
Event: 15.528 GC heap before
{Heap before GC invocations=8 (full 1):
 PSYoungGen      total 146432K, used 17898K [0x00000000eab00000, 0x00000000fe000000, 0x0000000100000000)
  eden space 128512K, 0% used [0x00000000eab00000,0x00000000eab00000,0x00000000f2880000)
  from space 17920K, 99% used [0x00000000f2880000,0x00000000f39fab50,0x00000000f3a00000)
  to   space 29696K, 0% used [0x00000000fc300000,0x00000000fc300000,0x00000000fe000000)
 ParOldGen       total 44032K, used 40099K [0x00000000c0000000, 0x00000000c2b00000, 0x00000000eab00000)
  object space 44032K, 91% used [0x00000000c0000000,0x00000000c2728fc0,0x00000000c2b00000)
 Metaspace       used 6597K, capacity 7256K, committed 7424K, reserved 1056768K
  class space    used 628K, capacity 656K, committed 768K, reserved 1048576K
Event: 16.546 GC heap after
Heap after GC invocations=8 (full 1):
 PSYoungGen      total 146432K, used 10197K [0x00000000eab00000, 0x00000000fe000000, 0x0000000100000000)
  eden space 128512K, 0% used [0x00000000eab00000,0x00000000eab00000,0x00000000f2880000)
  from space 17920K, 56% used [0x00000000f2880000,0x00000000f3275778,0x00000000f3a00000)
  to   space 29696K, 0% used [0x00000000fc300000,0x00000000fc300000,0x00000000fe000000)
 ParOldGen       total 83456K, used 43567K [0x00000000c0000000, 0x00000000c5180000, 0x00000000eab00000)
  object space 83456K, 52% used [0x00000000c0000000,0x00000000c2a8bd10,0x00000000c5180000)
 Metaspace       used 6597K, capacity 7256K, committed 7424K, reserved 1056768K
  class space    used 628K, capacity 656K, committed 768K, reserved 1048576K
}

Deoptimization events (10 events):
Event: 14.289 Thread 0x00000000167fd000 Uncommon trap: reason=unstable_if action=reinterpret pc=0x0000000002f9f800 method=com.android.dx.ssa.LiteralOpUpgrader$1.visitNonMoveInsn(Lcom/android/dx/ssa/NormalSsaInsn;)V @ 24
Event: 14.293 Thread 0x00000000167fd000 Uncommon trap: reason=bimorphic action=maybe_recompile pc=0x0000000002de7c54 method=com.android.dx.ssa.LiteralOpUpgrader.tryReplacingWithConstant(Lcom/android/dx/ssa/NormalSsaInsn;)Z @ 62
Event: 14.321 Thread 0x00000000167fd000 Uncommon trap: reason=unstable_if action=reinterpret pc=0x00000000032867e0 method=com.android.dx.ssa.SsaMethod.makeExitBlock()V @ 103
Event: 14.322 Thread 0x00000000167fd000 Uncommon trap: reason=unstable_if action=reinterpret pc=0x0000000002bf8414 method=com.android.dx.ssa.SsaMethod.getExitBlock()Lcom/android/dx/ssa/SsaBasicBlock; @ 4
Event: 14.322 Thread 0x00000000167fd000 Uncommon trap: reason=unstable_if action=reinterpret pc=0x0000000002b8bb74 method=com.android.dx.ssa.SsaMethod.getExitBlock()Lcom/android/dx/ssa/SsaBasicBlock; @ 4
Event: 14.324 Thread 0x00000000167fd000 Uncommon trap: reason=unstable_if action=reinterpret pc=0x000000000328b758 method=com.android.dx.ssa.SsaMethod.getExitBlock()Lcom/android/dx/ssa/SsaBasicBlock; @ 4
Event: 14.325 Thread 0x00000000167fd000 Uncommon trap: reason=unstable_if action=reinterpret pc=0x0000000002fea3fc method=com.android.dx.ssa.SsaMethod.getExitBlock()Lcom/android/dx/ssa/SsaBasicBlock; @ 4
Event: 14.768 Thread 0x000000001677c800 Uncommon trap: reason=bimorphic action=maybe_recompile pc=0x00000000032fe0ec method=com.android.dx.cf.code.BytecodeArray.parseInstruction(ILcom/android/dx/cf/code/BytecodeArray$Visitor;)I @ 971
Event: 14.768 Thread 0x000000001677c800 Uncommon trap: reason=bimorphic action=maybe_recompile pc=0x00000000032fe0ec method=com.android.dx.cf.code.BytecodeArray.parseInstruction(ILcom/android/dx/cf/code/BytecodeArray$Visitor;)I @ 971
Event: 16.629 Thread 0x00000000026c0800 Uncommon trap: reason=unstable_if action=reinterpret pc=0x0000000003344fac method=com.android.dx.cf.code.BytecodeArray.parseInstruction(ILcom/android/dx/cf/code/BytecodeArray$Visitor;)I @ 1261

Internal exceptions (8 events):
Event: 0.255 Thread 0x00000000026c0800 Exception <a 'java/lang/NoSuchMethodError': Method sun.misc.Unsafe.defineClass(Ljava/lang/String;[BII)Ljava/lang/Class; name or signature does not match> (0x00000000eab07cc0) thrown at [C:\re\workspace\8-2-build-windows-amd64-cygwin\jdk8u91\7017\hotspot\sr
çz(¨X–?
Event: 0.255 Thread 0x00000000026c0800 Exception <a 'java/lang/NoSuchMethodError': Method sun.misc.Unsafe.prefetchRead(Ljava/lang/Object;J)V name or signature does not match> (0x00000000eab07fa8) thrown at [C:\re\workspace\8-2-build-windows-amd64-cygwin\jdk8u91\7017\hotspot\src\share\vm\prims\jMiÓÀ—@
Event: 3.727 Thread 0x000000001677c800 Implicit null exception at 0x0000000002b4c6e2 to 0x0000000002b4c7e9
Event: 4.761 Thread 0x00000000167fd000 Implicit null exception at 0x0000000002daeefc to 0x0000000002db1a5d
Event: 12.738 Thread 0x000000001677d000 Implicit null exception at 0x0000000002dd889b to 0x0000000002dda445
Event: 13.154 Thread 0x00000000167fd000 Exception <a 'java/lang/ArrayIndexOutOfBoundsException': 18> (0x00000000ec6e7880) thrown at [C:\re\workspace\8-2-build-windows-amd64-cygwin\jdk8u91\7017\hotspot\src\share\vm\interpreter\interpreterRuntime.cpp, line 366]
Event: 13.155 Thread 0x00000000167fd000 Exception <a 'java/lang/ArrayIndexOutOfBoundsException': 145> (0x00000000ec6e9400) thrown at [C:\re\workspace\8-2-build-windows-amd64-cygwin\jdk8u91\7017\hotspot\src\share\vm\interpreter\interpreterRuntime.cpp, line 366]
Event: 13.156 Thread 0x00000000167fd000 Exception <a 'java/lang/ArrayIndexOutOfBoundsException'> (0x00000000ec6ea6e8) thrown at [C:\re\workspace\8-2-build-windows-amd64-cygwin\jdk8u91\7017\hotspot\src\share\vm\runtime\sharedRuntime.cpp, line 605]

Events (10 events):
Event: 14.866 Thread 0x00000000026c0800 DEOPT UNPACKING pc=0x000000000280787f sp=0x00000000026be190 mode 0
Event: 15.194 Thread 0x00000000167fd000 DEOPT PACKING pc=0x00000000032c92c5 sp=0x0000000016dee460
Event: 15.194 Thread 0x00000000167fd000 DEOPT UNPACKING pc=0x000000000280787f sp=0x0000000016dee2a0 mode 0
Event: 15.198 Executing VM operation: ParallelGCFailedAllocation
Event: 16.546 Executing VM operation: ParallelGCFailedAllocation done
Event: 16.629 Thread 0x00000000026c0800 Uncommon trap: trap_request=0xffffff65 fr.pc=0x0000000003344fac
Event: 16.629 Thread 0x00000000026c0800 DEOPT PACKING pc=0x0000000003344fac sp=0x00000000026be230
Event: 16.629 Thread 0x00000000026c0800 DEOPT UNPACKING pc=0x000000000280582a sp=0x00000000026be218 mode 2
Event: 16.875 Thread 0x00000000026c0800 DEOPT PACKING pc=0x0000000002c41dee sp=0x00000000026be2f0
Event: 16.875 Thread 0x00000000026c0800 DEOPT UNPACKING pc=0x000000000280787f sp=0x00000000026be050 mode 0


Dynamic libraries:
0x00007ff7a2580000 - 0x00007ff7a25b7000 	G:\Java1.8\jdk1.8.0_91\bin\java.exe
0x00007ffe8c450000 - 0x00007ffe8c5f9000 	C:\Windows\SYSTEM32\ntdll.dll
0x00007ffe89c40000 - 0x00007ffe89d79000 	C:\Windows\system32\KERNEL32.DLL
0x00007ffe89620000 - 0x00007ffe8972e000 	C:\Windows\system32\KERNELBASE.dll
0x00007ffe880b0000 - 0x00007ffe8813b000 	C:\Windows\system32\apphelp.dll
0x00007ffe85d60000 - 0x00007ffe85daf000 	C:\Windows\AppPatch\AppPatch64\AcGenral.DLL
0x00007ffe8b970000 - 0x00007ffe8ba17000 	C:\Windows\system32\msvcrt.dll
0x00007ffe892b0000 - 0x00007ffe892db000 	C:\Windows\SYSTEM32\SspiCli.dll
0x00007ffe8b8b0000 - 0x00007ffe8b901000 	C:\Windows\system32\SHLWAPI.dll
0x00007ffe8a080000 - 0x00007ffe8a1f1000 	C:\Windows\system32\USER32.dll
0x00007ffe8c2b0000 - 0x00007ffe8c426000 	C:\Windows\system32\ole32.dll
0x00007ffe8a3d0000 - 0x00007ffe8b7df000 	C:\Windows\system32\SHELL32.dll
0x00007ffe88b30000 - 0x00007ffe88b4f000 	C:\Windows\SYSTEM32\USERENV.dll
0x00007ffe8a220000 - 0x00007ffe8a2c5000 	C:\Windows\system32\ADVAPI32.dll
0x00007ffe7eff0000 - 0x00007ffe7f00b000 	C:\Windows\SYSTEM32\MPR.dll
0x00007ffe8bc10000 - 0x00007ffe8bd46000 	C:\Windows\system32\RPCRT4.dll
0x00007ffe8a2d0000 - 0x00007ffe8a327000 	C:\Windows\SYSTEM32\sechost.dll
0x00007ffe8bd50000 - 0x00007ffe8bf27000 	C:\Windows\SYSTEM32\combase.dll
0x00007ffe899f0000 - 0x00007ffe89b35000 	C:\Windows\system32\GDI32.dll
0x00007ffe89400000 - 0x00007ffe89414000 	C:\Windows\SYSTEM32\profapi.dll
0x00007ffe87ad0000 - 0x00007ffe87b71000 	C:\Windows\SYSTEM32\SHCORE.dll
0x00007ffe8ba90000 - 0x00007ffe8bac4000 	C:\Windows\system32\IMM32.DLL
0x00007ffe89e30000 - 0x00007ffe89f68000 	C:\Windows\system32\MSCTF.dll
0x00007ffe86890000 - 0x00007ffe86aea000 	C:\Windows\WinSxS\amd64_microsoft.windows.common-controls_6595b64144ccf1df_6.0.9600.16384_none_62475f7becb72503\COMCTL32.dll
0x0000000060430000 - 0x0000000060502000 	G:\Java1.8\jdk1.8.0_91\jre\bin\msvcr100.dll
0x00000000609d0000 - 0x0000000061263000 	G:\Java1.8\jdk1.8.0_91\jre\bin\server\jvm.dll
0x00007ffe80540000 - 0x00007ffe80549000 	C:\Windows\SYSTEM32\WSOCK32.dll
0x00007ffe89730000 - 0x00007ffe8974f000 	C:\Windows\system32\WINMM.dll
0x00007ffe85220000 - 0x00007ffe8522a000 	C:\Windows\SYSTEM32\VERSION.dll
0x00007ffe8a200000 - 0x00007ffe8a207000 	C:\Windows\system32\PSAPI.DLL
0x00007ffe8b910000 - 0x00007ffe8b968000 	C:\Windows\system32\WS2_32.dll
0x00007ffe89500000 - 0x00007ffe8952a000 	C:\Windows\system32\WINMMBASE.dll
0x00007ffe8a210000 - 0x00007ffe8a219000 	C:\Windows\system32\NSI.dll
0x00007ffe895d0000 - 0x00007ffe8961a000 	C:\Windows\SYSTEM32\cfgmgr32.dll
0x00007ffe894b0000 - 0x00007ffe894d6000 	C:\Windows\system32\DEVOBJ.dll
0x00000000608e0000 - 0x00000000608ef000 	G:\Java1.8\jdk1.8.0_91\jre\bin\verify.dll
0x00000000608b0000 - 0x00000000608d9000 	G:\Java1.8\jdk1.8.0_91\jre\bin\java.dll
0x0000000060890000 - 0x00000000608a6000 	G:\Java1.8\jdk1.8.0_91\jre\bin\zip.dll

VM Arguments:
jvm_args: -Djava.awt.headless=true -Xmx1024M -Dfile.encoding=GBK -Duser.country=CN -Duser.language=zh -Duser.variant 
java_command: com.android.dx.command.Main --dex --force-jumbo --num-threads=4 --multi-dex --output G:\AndroidProject\MyNamiApplication\app\build\intermediates\transforms\dex\debug\folders\1000\10\com.android.support-support-v4-24.1.1_7ad36e87b72ec83de55908a5b02a5e09c999db9e G:\AndroidProject\MyNamiApplication\app\build\intermediates\exploded-aar\com.android.support\support-v4\24.1.1\jars\classes.jar
java_class_path (initial): G:\sdk_location\build-tools\24.0.1\lib\dx.jar
Launcher Type: SUN_STANDARD

Environment Variables:
JAVA_HOME=G:\Java1.8\jdk1.8.0_91
CLASSPATH= .;G:\Java1.8\jdk1.8.0_91\lib\dt.jar;G:\Java1.8\jdk1.8.0_91\lib\tools.jar
PATH=C:\ProgramData\Oracle\Java\javapath;C:\Windows\system32;C:\Windows;C:\Windows\System32\Wbem;C:\Windows\System32\WindowsPowerShell\v1.0\;C:\Program Files\Intel\WiFi\bin\;C:\Program Files\Common Files\Intel\WirelessCommon\;C:\Program Files (x86)\NVIDIA Corporation\PhysX\Common;G:\Java1.8\jdk1.8.0_91\bin;G:\Java1.8\jdk1.8.0_91\jre\bin;F:\Git\Git\cmd;G:\SDK\platform-tools;G:\SDK\tools;C:\Program Files\Intel\WiFi\bin\;C:\Program Files\Common Files\Intel\WirelessCommon\
USERNAME=Administrator
OS=Windows_NT
PROCESSOR_IDENTIFIER=Intel64 Family 6 Model 60 Stepping 3, GenuineIntel



---------------  S Y S T E M  ---------------

OS: Windows 8.1 , 64 bit Build 9600 (6.3.9600.16441)

CPU:total 4 (2 cores per cpu, 2 threads per core) family 6 model 60 stepping 3, cmov, cx8, fxsr, mmx, sse, sse2, sse3, ssse3, sse4.1, sse4.2, popcnt, avx, avx2, aes, clmul, erms, lzcnt, ht, tsc, tscinvbit, bmi1, bmi2

Memory: 4k page, physical 4078700k(420396k free), swap 5651564k(6148k free)

vm_info: Java HotSpot(TM) 64-Bit Server VM (25.91-b15) for windows-amd64 JRE (1.8.0_91-b15), built on May 20 2016 17:43:15 by "java_re" with MS VC++ 10.0 (VS2010)

time: Fri Feb 10 23:36:02 2017
elapsed time: 17 seconds (0d 0h 0m 17s)

