#
# There is insufficient memory for the Java Runtime Environment to continue.
# Native memory allocation (malloc) failed to allocate 1659856 bytes for Chunk::new
# Possible reasons:
#   The system is out of physical RAM or swap space
#   In 32 bit mode, the process size limit was hit
# Possible solutions:
#   Reduce memory load on the system
#   Increase physical memory or swap space
#   Check if swap backing store is full
#   Use 64 bit Java on a 64 bit OS
#   Decrease Java heap size (-Xmx/-Xms)
#   Decrease number of Java threads
#   Decrease Java thread stack sizes (-Xss)
#   Set larger code cache with -XX:ReservedCodeCacheSize=
# This output file may be truncated or incomplete.
#
#  Out of Memory Error (allocation.cpp:390), pid=5412, tid=9336
#
# JRE version: Java(TM) SE Runtime Environment (8.0_91-b15) (build 1.8.0_91-b15)
# Java VM: Java HotSpot(TM) 64-Bit Server VM (25.91-b15 mixed mode windows-amd64 compressed oops)
# Failed to write core dump. Minidumps are not enabled by default on client versions of Windows
#

---------------  T H R E A D  ---------------

Current thread (0x000000001690a000):  JavaThread "C2 CompilerThread1" daemon [_thread_in_native, id=9336, stack(0x0000000016cb0000,0x0000000016db0000)]

Stack: [0x0000000016cb0000,0x0000000016db0000]
[error occurred during error reporting (printing stack bounds), id 0xc0000005]

Native frames: (J=compiled Java code, j=interpreted, Vv=VM code, C=native code)


Current CompileTask:
C2:  15189 1862   !   4       com.android.dx.cf.code.Ropper::processBlock (1101 bytes)


---------------  P R O C E S S  ---------------

Java Threads: ( => current thread )
  0x000000001780d000 JavaThread "pool-1-thread-1" [_thread_in_Java, id=2740, stack(0x00000000170b0000,0x00000000171b0000)]
  0x0000000016912800 JavaThread "Service Thread" daemon [_thread_blocked, id=8104, stack(0x0000000016eb0000,0x0000000016fb0000)]
  0x000000001690c800 JavaThread "C1 CompilerThread2" daemon [_thread_blocked, id=5040, stack(0x0000000016db0000,0x0000000016eb0000)]
=>0x000000001690a000 JavaThread "C2 CompilerThread1" daemon [_thread_in_native, id=9336, stack(0x0000000016cb0000,0x0000000016db0000)]
  0x00000000152ab000 JavaThread "C2 CompilerThread0" daemon [_thread_in_native, id=2944, stack(0x00000000167b0000,0x00000000168b0000)]
  0x00000000152a9800 JavaThread "Attach Listener" daemon [_thread_blocked, id=14052, stack(0x00000000166b0000,0x00000000167b0000)]
  0x000000001525e000 JavaThread "Signal Dispatcher" daemon [_thread_blocked, id=1268, stack(0x00000000165b0000,0x00000000166b0000)]
  0x000000001523a800 JavaThread "Finalizer" daemon [_thread_blocked, id=11488, stack(0x00000000164b0000,0x00000000165b0000)]
  0x0000000015219000 JavaThread "Reference Handler" daemon [_thread_blocked, id=12368, stack(0x00000000163b0000,0x00000000164b0000)]
  0x0000000002a80800 JavaThread "main" [_thread_blocked, id=8800, stack(0x0000000002900000,0x0000000002a00000)]

Other Threads:
  0x0000000015217000 VMThread [stack: 0x00000000162b0000,0x00000000163b0000] [id=3964]
  0x0000000016975000 WatcherThread [stack: 0x0000000016fb0000,0x00000000170b0000] [id=11368]

VM state:not at safepoint (normal execution)

VM Mutex/Monitor currently owned by a thread: None

Heap:
 PSYoungGen      total 144384K, used 10082K [0x00000000eab00000, 0x00000000f4800000, 0x0000000100000000)
  eden space 129536K, 7% used [0x00000000eab00000,0x00000000eb4d8940,0x00000000f2980000)
  from space 14848K, 0% used [0x00000000f2980000,0x00000000f2980000,0x00000000f3800000)
  to   space 13312K, 0% used [0x00000000f3800000,0x00000000f3800000,0x00000000f4500000)
 ParOldGen       total 44032K, used 36596K [0x00000000c0000000, 0x00000000c2b00000, 0x00000000eab00000)
  object space 44032K, 83% used [0x00000000c0000000,0x00000000c23bd3a8,0x00000000c2b00000)
 Metaspace       used 7020K, capacity 7672K, committed 7936K, reserved 1056768K
  class space    used 648K, capacity 688K, committed 768K, reserved 1048576K

Card table byte_map: [0x0000000011f40000,0x0000000012150000] byte_map_base: 0x0000000011940000

Marking Bits: (ParMarkBitMap*) 0x00000000611e2f70
 Begin Bits: [0x00000000126b0000, 0x00000000136b0000)
 End Bits:   [0x00000000136b0000, 0x00000000146b0000)

Polling page: 0x0000000000e00000

CodeCache: size=245760Kb used=11488Kb max_used=11488Kb free=234271Kb
 bounds [0x0000000002b80000, 0x00000000036d0000, 0x0000000011b80000]
 total_blobs=2885 nmethods=2612 adapters=185
 compilation: enabled

Compilation events (10 events):
Event: 15.148 Thread 0x000000001690c800 2796       3       com.android.dx.dex.code.InsnFormat::write (13 bytes)
Event: 15.149 Thread 0x000000001690c800 nmethod 2796 0x00000000036bbfd0 code [0x00000000036bc160, 0x00000000036bc448]
Event: 15.150 Thread 0x000000001690c800 2798       3       com.android.dx.dex.code.form.Form3rc::writeTo (58 bytes)
Event: 15.151 Thread 0x000000001690c800 nmethod 2798 0x00000000036bc650 code [0x00000000036bc8c0, 0x00000000036bdc28]
Event: 15.151 Thread 0x000000001690c800 2799       3       com.android.dx.dex.code.form.Form22b::writeTo (54 bytes)
Event: 15.152 Thread 0x000000001690c800 nmethod 2799 0x00000000036be610 code [0x00000000036be820, 0x00000000036bf548]
Event: 15.154 Thread 0x000000001690c800 2800       3       com.android.dx.dex.code.CatchHandlerList::compareTo (9 bytes)
Event: 15.154 Thread 0x000000001690c800 nmethod 2800 0x00000000036bfa10 code [0x00000000036bfb80, 0x00000000036bfe68]
Event: 15.158 Thread 0x000000001690c800 2801       3       com.android.dx.dex.code.form.Form31c::writeTo (33 bytes)
Event: 15.158 Thread 0x000000001690c800 nmethod 2801 0x00000000036bff10 code [0x00000000036c0100, 0x00000000036c0a38]

GC Heap History (10 events):
Event: 3.722 GC heap before
{Heap before GC invocations=4 (full 0):
 PSYoungGen      total 35328K, used 35315K [0x00000000eab00000, 0x00000000ef000000, 0x0000000100000000)
  eden space 32768K, 100% used [0x00000000eab00000,0x00000000ecb00000,0x00000000ecb00000)
  from space 2560K, 99% used [0x00000000ecb00000,0x00000000ecd7ced8,0x00000000ecd80000)
  to   space 2560K, 0% used [0x00000000eed80000,0x00000000eed80000,0x00000000ef000000)
 ParOldGen       total 44032K, used 8441K [0x00000000c0000000, 0x00000000c2b00000, 0x00000000eab00000)
  object space 44032K, 19% used [0x00000000c0000000,0x00000000c083e690,0x00000000c2b00000)
 Metaspace       used 6288K, capacity 7092K, committed 7296K, reserved 1056768K
  class space    used 605K, capacity 620K, committed 640K, reserved 1048576K
Event: 3.931 GC heap after
Heap after GC invocations=4 (full 0):
 PSYoungGen      total 68096K, used 2554K [0x00000000eab00000, 0x00000000ef000000, 0x0000000100000000)
  eden space 65536K, 0% used [0x00000000eab00000,0x00000000eab00000,0x00000000eeb00000)
  from space 2560K, 99% used [0x00000000eed80000,0x00000000eeffe8c0,0x00000000ef000000)
  to   space 2560K, 0% used [0x00000000eeb00000,0x00000000eeb00000,0x00000000eed80000)
 ParOldGen       total 44032K, used 13268K [0x00000000c0000000, 0x00000000c2b00000, 0x00000000eab00000)
  object space 44032K, 30% used [0x00000000c0000000,0x00000000c0cf5240,0x00000000c2b00000)
 Metaspace       used 6288K, capacity 7092K, committed 7296K, reserved 1056768K
  class space    used 605K, capacity 620K, committed 640K, reserved 1048576K
}
Event: 6.130 GC heap before
{Heap before GC invocations=5 (full 0):
 PSYoungGen      total 68096K, used 68090K [0x00000000eab00000, 0x00000000ef000000, 0x0000000100000000)
  eden space 65536K, 100% used [0x00000000eab00000,0x00000000eeb00000,0x00000000eeb00000)
  from space 2560K, 99% used [0x00000000eed80000,0x00000000eeffe8c0,0x00000000ef000000)
  to   space 2560K, 0% used [0x00000000eeb00000,0x00000000eeb00000,0x00000000eed80000)
 ParOldGen       total 44032K, used 13268K [0x00000000c0000000, 0x00000000c2b00000, 0x00000000eab00000)
  object space 44032K, 30% used [0x00000000c0000000,0x00000000c0cf5240,0x00000000c2b00000)
 Metaspace       used 6331K, capacity 7156K, committed 7296K, reserved 1056768K
  class space    used 606K, capacity 620K, committed 640K, reserved 1048576K
Event: 6.523 GC heap after
Heap after GC invocations=5 (full 0):
 PSYoungGen      total 68096K, used 2534K [0x00000000eab00000, 0x00000000f4500000, 0x0000000100000000)
  eden space 65536K, 0% used [0x00000000eab00000,0x00000000eab00000,0x00000000eeb00000)
  from space 2560K, 98% used [0x00000000eeb00000,0x00000000eed798b0,0x00000000eed80000)
  to   space 13312K, 0% used [0x00000000f3800000,0x00000000f3800000,0x00000000f4500000)
 ParOldGen       total 44032K, used 23454K [0x00000000c0000000, 0x00000000c2b00000, 0x00000000eab00000)
  object space 44032K, 53% used [0x00000000c0000000,0x00000000c16e7a80,0x00000000c2b00000)
 Metaspace       used 6331K, capacity 7156K, committed 7296K, reserved 1056768K
  class space    used 606K, capacity 620K, committed 640K, reserved 1048576K
}
Event: 11.081 GC heap before
{Heap before GC invocations=6 (full 0):
 PSYoungGen      total 68096K, used 68070K [0x00000000eab00000, 0x00000000f4500000, 0x0000000100000000)
  eden space 65536K, 100% used [0x00000000eab00000,0x00000000eeb00000,0x00000000eeb00000)
  from space 2560K, 98% used [0x00000000eeb00000,0x00000000eed798b0,0x00000000eed80000)
  to   space 13312K, 0% used [0x00000000f3800000,0x00000000f3800000,0x00000000f4500000)
 ParOldGen       total 44032K, used 23454K [0x00000000c0000000, 0x00000000c2b00000, 0x00000000eab00000)
  object space 44032K, 53% used [0x00000000c0000000,0x00000000c16e7a80,0x00000000c2b00000)
 Metaspace       used 6449K, capacity 7192K, committed 7424K, reserved 1056768K
  class space    used 626K, capacity 656K, committed 768K, reserved 1048576K
Event: 11.118 GC heap after
Heap after GC invocations=6 (full 0):
 PSYoungGen      total 142848K, used 11845K [0x00000000eab00000, 0x00000000f4800000, 0x0000000100000000)
  eden space 129536K, 0% used [0x00000000eab00000,0x00000000eab00000,0x00000000f2980000)
  from space 13312K, 88% used [0x00000000f3800000,0x00000000f4391488,0x00000000f4500000)
  to   space 14848K, 0% used [0x00000000f2980000,0x00000000f2980000,0x00000000f3800000)
 ParOldGen       total 44032K, used 23454K [0x00000000c0000000, 0x00000000c2b00000, 0x00000000eab00000)
  object space 44032K, 53% used [0x00000000c0000000,0x00000000c16e7a80,0x00000000c2b00000)
 Metaspace       used 6449K, capacity 7192K, committed 7424K, reserved 1056768K
  class space    used 626K, capacity 656K, committed 768K, reserved 1048576K
}
Event: 14.003 GC heap before
{Heap before GC invocations=7 (full 0):
 PSYoungGen      total 142848K, used 141381K [0x00000000eab00000, 0x00000000f4800000, 0x0000000100000000)
  eden space 129536K, 100% used [0x00000000eab00000,0x00000000f2980000,0x00000000f2980000)
  from space 13312K, 88% used [0x00000000f3800000,0x00000000f4391488,0x00000000f4500000)
  to   space 14848K, 0% used [0x00000000f2980000,0x00000000f2980000,0x00000000f3800000)
 ParOldGen       total 44032K, used 23454K [0x00000000c0000000, 0x00000000c2b00000, 0x00000000eab00000)
  object space 44032K, 53% used [0x00000000c0000000,0x00000000c16e7a80,0x00000000c2b00000)
 Metaspace       used 6836K, capacity 7544K, committed 7680K, reserved 1056768K
  class space    used 645K, capacity 688K, committed 768K, reserved 1048576K
Event: 14.104 GC heap after
Heap after GC invocations=7 (full 0):
 PSYoungGen      total 144384K, used 14817K [0x00000000eab00000, 0x00000000f4800000, 0x0000000100000000)
  eden space 129536K, 0% used [0x00000000eab00000,0x00000000eab00000,0x00000000f2980000)
  from space 14848K, 99% used [0x00000000f2980000,0x00000000f37f8650,0x00000000f3800000)
  to   space 13312K, 0% used [0x00000000f3800000,0x00000000f3800000,0x00000000f4500000)
 ParOldGen       total 44032K, used 35472K [0x00000000c0000000, 0x00000000c2b00000, 0x00000000eab00000)
  object space 44032K, 80% used [0x00000000c0000000,0x00000000c22a43d8,0x00000000c2b00000)
 Metaspace       used 6836K, capacity 7544K, committed 7680K, reserved 1056768K
  class space    used 645K, capacity 688K, committed 768K, reserved 1048576K
}
Event: 14.104 GC heap before
{Heap before GC invocations=8 (full 1):
 PSYoungGen      total 144384K, used 14817K [0x00000000eab00000, 0x00000000f4800000, 0x0000000100000000)
  eden space 129536K, 0% used [0x00000000eab00000,0x00000000eab00000,0x00000000f2980000)
  from space 14848K, 99% used [0x00000000f2980000,0x00000000f37f8650,0x00000000f3800000)
  to   space 13312K, 0% used [0x00000000f3800000,0x00000000f3800000,0x00000000f4500000)
 ParOldGen       total 44032K, used 35472K [0x00000000c0000000, 0x00000000c2b00000, 0x00000000eab00000)
  object space 44032K, 80% used [0x00000000c0000000,0x00000000c22a43d8,0x00000000c2b00000)
 Metaspace       used 6836K, capacity 7544K, committed 7680K, reserved 1056768K
  class space    used 645K, capacity 688K, committed 768K, reserved 1048576K
Event: 14.685 GC heap after
Heap after GC invocations=8 (full 1):
 PSYoungGen      total 144384K, used 0K [0x00000000eab00000, 0x00000000f4800000, 0x0000000100000000)
  eden space 129536K, 0% used [0x00000000eab00000,0x00000000eab00000,0x00000000f2980000)
  from space 14848K, 0% used [0x00000000f2980000,0x00000000f2980000,0x00000000f3800000)
  to   space 13312K, 0% used [0x00000000f3800000,0x00000000f3800000,0x00000000f4500000)
 ParOldGen       total 44032K, used 36596K [0x00000000c0000000, 0x00000000c2b00000, 0x00000000eab00000)
  object space 44032K, 83% used [0x00000000c0000000,0x00000000c23bd3a8,0x00000000c2b00000)
 Metaspace       used 6836K, capacity 7544K, committed 7680K, reserved 1056768K
  class space    used 645K, capacity 688K, committed 768K, reserved 1048576K
}

Deoptimization events (10 events):
Event: 11.669 Thread 0x000000001780d000 Uncommon trap: reason=class_check action=maybe_recompile pc=0x00000000030641e8 method=java.util.Arrays.hashCode([Ljava/lang/Object;)I @ 43
Event: 12.776 Thread 0x000000001780d000 Uncommon trap: reason=unstable_if action=reinterpret pc=0x000000000349ccf0 method=java.util.HashMap.putVal(ILjava/lang/Object;Ljava/lang/Object;ZZ)Ljava/lang/Object; @ 94
Event: 12.879 Thread 0x000000001780d000 Uncommon trap: reason=speculate_class_check action=maybe_recompile pc=0x0000000002e70800 method=com.android.dx.util.FixedSizeList.equals(Ljava/lang/Object;)Z @ 25
Event: 13.572 Thread 0x000000001780d000 Uncommon trap: reason=speculate_class_check action=maybe_recompile pc=0x0000000002e70800 method=com.android.dx.util.FixedSizeList.equals(Ljava/lang/Object;)Z @ 25
Event: 13.572 Thread 0x000000001780d000 Uncommon trap: reason=speculate_class_check action=maybe_recompile pc=0x0000000002e70800 method=com.android.dx.util.FixedSizeList.equals(Ljava/lang/Object;)Z @ 25
Event: 13.572 Thread 0x000000001780d000 Uncommon trap: reason=speculate_class_check action=maybe_recompile pc=0x0000000002e70800 method=com.android.dx.util.FixedSizeList.equals(Ljava/lang/Object;)Z @ 25
Event: 13.781 Thread 0x000000001780d000 Uncommon trap: reason=unstable_if action=reinterpret pc=0x0000000003158cc0 method=java.util.TreeMap.put(Ljava/lang/Object;Ljava/lang/Object;)Ljava/lang/Object; @ 163
Event: 13.801 Thread 0x000000001780d000 Uncommon trap: reason=unstable_if action=reinterpret pc=0x000000000356be50 method=com.android.dx.rop.code.RegisterSpec.matchesVariable(Lcom/android/dx/rop/code/RegisterSpec;)Z @ 59
Event: 14.790 Thread 0x000000001780d000 Uncommon trap: reason=unstable_if action=reinterpret pc=0x0000000003531b64 method=java.util.ArrayList.<init>(I)V @ 5
Event: 14.953 Thread 0x000000001780d000 Uncommon trap: reason=unstable_if action=reinterpret pc=0x00000000036399c4 method=com.android.dx.util.ByteArrayAnnotatedOutput.writeByte(I)V @ 13

Internal exceptions (6 events):
Event: 0.035 Thread 0x0000000002a80800 Exception <a 'java/lang/NoSuchMethodError': Method sun.misc.Unsafe.defineClass(Ljava/lang/String;[BII)Ljava/lang/Class; name or signature does not match> (0x00000000eab07cc0) thrown at [C:\re\workspace\8-2-build-windows-amd64-cygwin\jdk8u91\7017\hotspot\sr
Event: 0.035 Thread 0x0000000002a80800 Exception <a 'java/lang/NoSuchMethodError': Method sun.misc.Unsafe.prefetchRead(Ljava/lang/Object;J)V name or signature does not match> (0x00000000eab07fa8) thrown at [C:\re\workspace\8-2-build-windows-amd64-cygwin\jdk8u91\7017\hotspot\src\share\vm\prims\jkt««æ–
@
Event: 3.352 Thread 0x0000000016baf800 Implicit null exception at 0x0000000003142ca6 to 0x0000000003146bc1
Event: 7.639 Thread 0x0000000016bae000 Exception <a 'java/lang/ArrayIndexOutOfBoundsException': 18> (0x00000000ec1c3320) thrown at [C:\re\workspace\8-2-build-windows-amd64-cygwin\jdk8u91\7017\hotspot\src\share\vm\interpreter\interpreterRuntime.cpp, line 366]
Event: 7.640 Thread 0x0000000016bae000 Exception <a 'java/lang/ArrayIndexOutOfBoundsException'> (0x00000000ec1c4ea0) thrown at [C:\re\workspace\8-2-build-windows-amd64-cygwin\jdk8u91\7017\hotspot\src\share\vm\runtime\sharedRuntime.cpp, line 605]
Event: 8.473 Thread 0x0000000016bae000 Exception <a 'java/lang/ArrayIndexOutOfBoundsException'> (0x00000000ec1c6188) thrown at [C:\re\workspace\8-2-build-windows-amd64-cygwin\jdk8u91\7017\hotspot\src\share\vm\runtime\sharedRuntime.cpp, line 605]

Events (10 events):
Event: 14.790 Thread 0x000000001780d000 DEOPT UNPACKING pc=0x0000000002bc582a sp=0x00000000171aea88 mode 2
Event: 14.829 loading class com/android/dex/EncodedValueCodec
Event: 14.829 loading class com/android/dex/EncodedValueCodec done
Event: 14.929 loading class com/android/dx/dex/file/MapItem
Event: 14.929 loading class com/android/dx/dex/file/MapItem done
Event: 14.938 loading class com/android/dex/DexFormat
Event: 14.938 loading class com/android/dex/DexFormat done
Event: 14.953 Thread 0x000000001780d000 Uncommon trap: trap_request=0xffffff65 fr.pc=0x00000000036399c4
Event: 14.953 Thread 0x000000001780d000 DEOPT PACKING pc=0x00000000036399c4 sp=0x00000000171aed90
Event: 14.953 Thread 0x000000001780d000 DEOPT UNPACKING pc=0x0000000002bc582a sp=0x00000000171aed48 mode 2


Dynamic libraries:
0x00007ff7a2580000 - 0x00007ff7a25b7000 	G:\Java1.8\jdk1.8.0_91\bin\java.exe
0x00007ffe8c450000 - 0x00007ffe8c5f9000 	C:\Windows\SYSTEM32\ntdll.dll
0x00007ffe89c40000 - 0x00007ffe89d79000 	C:\Windows\system32\KERNEL32.DLL
0x00007ffe89620000 - 0x00007ffe8972e000 	C:\Windows\system32\KERNELBASE.dll
0x00007ffe880b0000 - 0x00007ffe8813b000 	C:\Windows\system32\apphelp.dll
0x00007ffe85d60000 - 0x00007ffe85daf000 	C:\Windows\AppPatch\AppPatch64\AcGenral.DLL
0x00007ffe8b970000 - 0x00007ffe8ba17000 	C:\Windows\system32\msvcrt.dll
0x00007ffe892b0000 - 0x00007ffe892db000 	C:\Windows\SYSTEM32\SspiCli.dll
0x00007ffe8b8b0000 - 0x00007ffe8b901000 	C:\Windows\system32\SHLWAPI.dll
0x00007ffe8a080000 - 0x00007ffe8a1f1000 	C:\Windows\system32\USER32.dll
0x00007ffe8c2b0000 - 0x00007ffe8c426000 	C:\Windows\system32\ole32.dll
0x00007ffe8a3d0000 - 0x00007ffe8b7df000 	C:\Windows\system32\SHELL32.dll
0x00007ffe88b30000 - 0x00007ffe88b4f000 	C:\Windows\SYSTEM32\USERENV.dll
0x00007ffe8a220000 - 0x00007ffe8a2c5000 	C:\Windows\system32\ADVAPI32.dll
0x00007ffe7eff0000 - 0x00007ffe7f00b000 	C:\Windows\SYSTEM32\MPR.dll
0x00007ffe8bc10000 - 0x00007ffe8bd46000 	C:\Windows\system32\RPCRT4.dll
0x00007ffe8a2d0000 - 0x00007ffe8a327000 	C:\Windows\SYSTEM32\sechost.dll
0x00007ffe8bd50000 - 0x00007ffe8bf27000 	C:\Windows\SYSTEM32\combase.dll
0x00007ffe899f0000 - 0x00007ffe89b35000 	C:\Windows\system32\GDI32.dll
0x00007ffe89400000 - 0x00007ffe89414000 	C:\Windows\SYSTEM32\profapi.dll
0x00007ffe87ad0000 - 0x00007ffe87b71000 	C:\Windows\SYSTEM32\SHCORE.dll
0x00007ffe8ba90000 - 0x00007ffe8bac4000 	C:\Windows\system32\IMM32.DLL
0x00007ffe89e30000 - 0x00007ffe89f68000 	C:\Windows\system32\MSCTF.dll
0x00007ffe86890000 - 0x00007ffe86aea000 	C:\Windows\WinSxS\amd64_microsoft.windows.common-controls_6595b64144ccf1df_6.0.9600.16384_none_62475f7becb72503\COMCTL32.dll
0x0000000060430000 - 0x0000000060502000 	G:\Java1.8\jdk1.8.0_91\jre\bin\msvcr100.dll
0x00000000609d0000 - 0x0000000061263000 	G:\Java1.8\jdk1.8.0_91\jre\bin\server\jvm.dll
0x00007ffe80540000 - 0x00007ffe80549000 	C:\Windows\SYSTEM32\WSOCK32.dll
0x00007ffe89730000 - 0x00007ffe8974f000 	C:\Windows\system32\WINMM.dll
0x00007ffe85220000 - 0x00007ffe8522a000 	C:\Windows\SYSTEM32\VERSION.dll
0x00007ffe8a200000 - 0x00007ffe8a207000 	C:\Windows\system32\PSAPI.DLL
0x00007ffe8b910000 - 0x00007ffe8b968000 	C:\Windows\system32\WS2_32.dll
0x00007ffe89500000 - 0x00007ffe8952a000 	C:\Windows\system32\WINMMBASE.dll
0x00007ffe8a210000 - 0x00007ffe8a219000 	C:\Windows\system32\NSI.dll
0x00007ffe895d0000 - 0x00007ffe8961a000 	C:\Windows\SYSTEM32\cfgmgr32.dll
0x00007ffe894b0000 - 0x00007ffe894d6000 	C:\Windows\system32\DEVOBJ.dll
0x00000000608e0000 - 0x00000000608ef000 	G:\Java1.8\jdk1.8.0_91\jre\bin\verify.dll
0x00000000608b0000 - 0x00000000608d9000 	G:\Java1.8\jdk1.8.0_91\jre\bin\java.dll
0x0000000060890000 - 0x00000000608a6000 	G:\Java1.8\jdk1.8.0_91\jre\bin\zip.dll

VM Arguments:
jvm_args: -Djava.awt.headless=true -Xmx1024M -Dfile.encoding=GBK -Duser.country=CN -Duser.language=zh -Duser.variant 
java_command: com.android.dx.command.Main --dex --force-jumbo --num-threads=4 --multi-dex --output G:\AndroidProject\MyNamiApplication\app\build\intermediates\transforms\dex\debug\folders\1000\10\com.android.support-appcompat-v7-24.1.1_a0f0127a069b419669737af36ccb079d1899cf66 G:\AndroidProject\MyNamiApplication\app\build\intermediates\exploded-aar\com.android.support\appcompat-v7\24.1.1\jars\classes.jar
java_class_path (initial): G:\sdk_location\build-tools\24.0.1\lib\dx.jar
Launcher Type: SUN_STANDARD

Environment Variables:
JAVA_HOME=G:\Java1.8\jdk1.8.0_91
CLASSPATH= .;G:\Java1.8\jdk1.8.0_91\lib\dt.jar;G:\Java1.8\jdk1.8.0_91\lib\tools.jar
PATH=C:\ProgramData\Oracle\Java\javapath;C:\Windows\system32;C:\Windows;C:\Windows\System32\Wbem;C:\Windows\System32\WindowsPowerShell\v1.0\;C:\Program Files\Intel\WiFi\bin\;C:\Program Files\Common Files\Intel\WirelessCommon\;C:\Program Files (x86)\NVIDIA Corporation\PhysX\Common;G:\Java1.8\jdk1.8.0_91\bin;G:\Java1.8\jdk1.8.0_91\jre\bin;F:\Git\Git\cmd;G:\SDK\platform-tools;G:\SDK\tools;C:\Program Files\Intel\WiFi\bin\;C:\Program Files\Common Files\Intel\WirelessCommon\
USERNAME=Administrator
OS=Windows_NT
PROCESSOR_IDENTIFIER=Intel64 Family 6 Model 60 Stepping 3, GenuineIntel



---------------  S Y S T E M  ---------------

OS: Windows 8.1 , 64 bit Build 9600 (6.3.9600.16441)

CPU:total 4 (2 cores per cpu, 2 threads per core) family 6 model 60 stepping 3, cmov, cx8, fxsr, mmx, sse, sse2, sse3, ssse3, sse4.1, sse4.2, popcnt, avx, avx2, aes, clmul, erms, lzcnt, ht, tsc, tscinvbit, bmi1, bmi2

Memory: 4k page, physical 4078700k(188436k free), swap 5651564k(5788k free)

vm_info: Java HotSpot(TM) 64-Bit Server VM (25.91-b15) for windows-amd64 JRE (1.8.0_91-b15), built on May 20 2016 17:43:15 by "java_re" with MS VC++ 10.0 (VS2010)

time: Sat Feb 11 00:15:52 2017
elapsed time: 15 seconds (0d 0h 0m 15s)

